<?xml version="1.0" encoding="UTF-8"?>
<testng-results ignored="0" total="5" passed="5" failed="0" skipped="0">
  <reporter-output>
  </reporter-output>
  <suite started-at="2024-11-25T14:35:49 PST" name="Default suite" finished-at="2024-11-25T14:36:02 PST" duration-ms="12240">
    <groups>
      <group name="cucumber">
        <method signature="AbstractTestNGCucumberTests.runScenario(io.cucumber.testng.PickleWrapper,io.cucumber.testng.FeatureWrapper)[pri:0, instance:sauceDemo.runner.testRunner@26b3fd41]" name="runScenario" class="io.cucumber.testng.AbstractTestNGCucumberTests"/>
      </group> <!-- cucumber -->
    </groups>
    <test started-at="2024-11-25T14:35:49 PST" name="Default test" finished-at="2024-11-25T14:36:02 PST" duration-ms="12240">
      <class name="sauceDemo.runner.testRunner">
        <test-method is-config="true" signature="setUpClass(org.testng.ITestContext)[pri:0, instance:sauceDemo.runner.testRunner@26b3fd41]" started-at="2024-11-25T14:35:49 PST" name="setUpClass" finished-at="2024-11-25T14:35:50 PST" duration-ms="575" status="PASS">
          <params>
            <param index="0">
              <value>
                <![CDATA[org.testng.TestRunner@7e7fe6d]]>
              </value>
            </param>
          </params>
          <reporter-output>
          </reporter-output>
        </test-method> <!-- setUpClass -->
        <test-method signature="runScenario(io.cucumber.testng.PickleWrapper,io.cucumber.testng.FeatureWrapper)[pri:0, instance:sauceDemo.runner.testRunner@26b3fd41]" started-at="2024-11-25T14:35:50 PST" name="runScenario" description="Runs Cucumber Scenarios" data-provider="scenarios" finished-at="2024-11-25T14:35:53 PST" duration-ms="3046" status="PASS">
          <params>
            <param index="0">
              <value>
                <![CDATA["Verify price sort from High to Low"]]>
              </value>
            </param>
            <param index="1">
              <value>
                <![CDATA["Dashboard Page of demo app"]]>
              </value>
            </param>
          </params>
          <reporter-output>
          </reporter-output>
        </test-method> <!-- runScenario -->
        <test-method signature="runScenario(io.cucumber.testng.PickleWrapper,io.cucumber.testng.FeatureWrapper)[pri:0, instance:sauceDemo.runner.testRunner@26b3fd41]" started-at="2024-11-25T14:35:53 PST" name="runScenario" description="Runs Cucumber Scenarios" data-provider="scenarios" finished-at="2024-11-25T14:35:55 PST" duration-ms="2030" status="PASS">
          <params>
            <param index="0">
              <value>
                <![CDATA["Verify Cart by the selected products"]]>
              </value>
            </param>
            <param index="1">
              <value>
                <![CDATA["Dashboard Page of demo app"]]>
              </value>
            </param>
          </params>
          <reporter-output>
          </reporter-output>
        </test-method> <!-- runScenario -->
        <test-method signature="runScenario(io.cucumber.testng.PickleWrapper,io.cucumber.testng.FeatureWrapper)[pri:0, instance:sauceDemo.runner.testRunner@26b3fd41]" started-at="2024-11-25T14:35:55 PST" name="runScenario" description="Runs Cucumber Scenarios" data-provider="scenarios" finished-at="2024-11-25T14:35:58 PST" duration-ms="2743" status="PASS">
          <params>
            <param index="0">
              <value>
                <![CDATA["Verify summary section"]]>
              </value>
            </param>
            <param index="1">
              <value>
                <![CDATA["Dashboard Page of demo app"]]>
              </value>
            </param>
          </params>
          <reporter-output>
          </reporter-output>
        </test-method> <!-- runScenario -->
        <test-method signature="runScenario(io.cucumber.testng.PickleWrapper,io.cucumber.testng.FeatureWrapper)[pri:0, instance:sauceDemo.runner.testRunner@26b3fd41]" started-at="2024-11-25T14:35:58 PST" name="runScenario" description="Runs Cucumber Scenarios" data-provider="scenarios" finished-at="2024-11-25T14:36:00 PST" duration-ms="2009" status="PASS">
          <params>
            <param index="0">
              <value>
                <![CDATA["Verify login with standard user"]]>
              </value>
            </param>
            <param index="1">
              <value>
                <![CDATA["Login Page of demo app"]]>
              </value>
            </param>
          </params>
          <reporter-output>
          </reporter-output>
        </test-method> <!-- runScenario -->
        <test-method signature="runScenario(io.cucumber.testng.PickleWrapper,io.cucumber.testng.FeatureWrapper)[pri:0, instance:sauceDemo.runner.testRunner@26b3fd41]" started-at="2024-11-25T14:36:00 PST" name="runScenario" description="Runs Cucumber Scenarios" data-provider="scenarios" finished-at="2024-11-25T14:36:02 PST" duration-ms="1782" status="PASS">
          <params>
            <param index="0">
              <value>
                <![CDATA["Verify login with standard user"]]>
              </value>
            </param>
            <param index="1">
              <value>
                <![CDATA["Login Page of demo app"]]>
              </value>
            </param>
          </params>
          <reporter-output>
          </reporter-output>
        </test-method> <!-- runScenario -->
        <test-method is-config="true" signature="tearDownClass()[pri:0, instance:sauceDemo.runner.testRunner@26b3fd41]" started-at="2024-11-25T14:36:02 PST" name="tearDownClass" finished-at="2024-11-25T14:36:02 PST" duration-ms="12" status="PASS">
          <reporter-output>
          </reporter-output>
        </test-method> <!-- tearDownClass -->
      </class> <!-- sauceDemo.runner.testRunner -->
    </test> <!-- Default test -->
  </suite> <!-- Default suite -->
</testng-results>
